app/build/outputs/logs/manifest-merger-debug-report.txt
-- Merging decision tree log ---
manifest
ADDED from src/main/AndroidManifest.xml:1:1-137:12
	android:sharedUserId
		ADDED from src/main/AndroidManifest.xml:5:5-46
	xmlns:android
		ADDED from src/main/AndroidManifest.xml:1:11-69
	package
		ADDED from src/main/AndroidManifest.xml:2:5-30
		INJECTED from src/main/AndroidManifest.xml
		INJECTED from src/main/AndroidManifest.xml
	android:versionName
		ADDED from src/main/AndroidManifest.xml:4:5-35
		INJECTED from src/main/AndroidManifest.xml
		INJECTED from src/main/AndroidManifest.xml
	android:versionCode
		ADDED from src/main/AndroidManifest.xml:3:5-35
		INJECTED from src/main/AndroidManifest.xml
		INJECTED from src/main/AndroidManifest.xml
uses-sdk
ADDED from src/main/AndroidManifest.xml:7:5-9:41
MERGED from [com.android.support:appcompat-v7:23.0.1] AndroidManifest.xml:20:5-43
MERGED from [com.android.support:support-v4:23.0.1] AndroidManifest.xml:20:5-43
	android:targetSdkVersion
		ADDED from src/main/AndroidManifest.xml:9:9-38
		INJECTED from src/main/AndroidManifest.xml
		INJECTED from src/main/AndroidManifest.xml
	android:minSdkVersion
		ADDED from src/main/AndroidManifest.xml:8:9-35
		INJECTED from src/main/AndroidManifest.xml
		INJECTED from src/main/AndroidManifest.xml
supports-screens
ADDED from src/main/AndroidManifest.xml:10:5-12:50
	android:largeScreens
		ADDED from src/main/AndroidManifest.xml:10:23-50
	android:anyDensity
		ADDED from src/main/AndroidManifest.xml:11:32-58
	android:normalScreens
		ADDED from src/main/AndroidManifest.xml:11:3-31
	android:smallScreens
		ADDED from src/main/AndroidManifest.xml:12:3-30
uses-permission#android.permission.INTERNET
ADDED from src/main/AndroidManifest.xml:14:5-66
	android:name
		ADDED from src/main/AndroidManifest.xml:14:22-64
uses-permission#android.permission.ACCESS_WIFI_STATE
ADDED from src/main/AndroidManifest.xml:15:2-72
	android:name
		ADDED from src/main/AndroidManifest.xml:15:19-70
uses-permission#android.permission.SYSTEM_ALERT_WINDOW
ADDED from src/main/AndroidManifest.xml:16:2-75
	android:name
		ADDED from src/main/AndroidManifest.xml:16:19-72
uses-permission#android.permission.READ_CONTACTS
ADDED from src/main/AndroidManifest.xml:17:5-72
	android:name
		ADDED from src/main/AndroidManifest.xml:17:22-69
uses-permission#android.permission.WRITE_CONTACTS
ADDED from src/main/AndroidManifest.xml:18:5-73
	android:name
		ADDED from src/main/AndroidManifest.xml:18:22-70
uses-permission#android.permission.ACCESS_NETWORK_STATE
ADDED from src/main/AndroidManifest.xml:19:5-79
	android:name
		ADDED from src/main/AndroidManifest.xml:19:22-76
uses-permission#android.permission.CHANGE_WIFI_STATE
ADDED from src/main/AndroidManifest.xml:21:5-76
	android:name
		ADDED from src/main/AndroidManifest.xml:21:22-73
application
ADDED from src/main/AndroidManifest.xml:23:5-135:19
MERGED from [com.android.support:appcompat-v7:23.0.1] AndroidManifest.xml:22:5-20
MERGED from [com.android.support:support-v4:23.0.1] AndroidManifest.xml:22:5-20
	android:label
		ADDED from src/main/AndroidManifest.xml:26:9-41
	android:icon
		ADDED from src/main/AndroidManifest.xml:25:9-42
	android:name
		ADDED from src/main/AndroidManifest.xml:24:9-47
activity#com.joysee.adtv.activity.DvbMainActivity
ADDED from src/main/AndroidManifest.xml:27:9-42:20
	android:label
		ADDED from src/main/AndroidManifest.xml:31:13-60
	android:configChanges
		ADDED from src/main/AndroidManifest.xml:29:13-72
	android:theme
		ADDED from src/main/AndroidManifest.xml:33:13-52
	android:hardwareAccelerated
		ADDED from src/main/AndroidManifest.xml:30:13-47
	android:name
		ADDED from src/main/AndroidManifest.xml:28:13-53
	android:launchMode
		ADDED from src/main/AndroidManifest.xml:32:13-48
intent-filter#android.intent.action.MAIN+android.intent.category.DEFAULT
ADDED from src/main/AndroidManifest.xml:34:13-37:29
action#android.intent.action.MAIN
ADDED from src/main/AndroidManifest.xml:35:17-69
	android:name
		ADDED from src/main/AndroidManifest.xml:35:25-66
category#android.intent.category.DEFAULT
ADDED from src/main/AndroidManifest.xml:36:17-76
	android:name
		ADDED from src/main/AndroidManifest.xml:36:27-73
intent-filter#android.intent.category.DEFAULT+com.joysee.dvb.main
ADDED from src/main/AndroidManifest.xml:38:14-41:29
action#com.joysee.dvb.main
ADDED from src/main/AndroidManifest.xml:39:17-62
	android:name
		ADDED from src/main/AndroidManifest.xml:39:25-59
activity#com.joysee.adtv.activity.SearchMenuActivity
ADDED from src/main/AndroidManifest.xml:43:9-51:20
	android:configChanges
		ADDED from src/main/AndroidManifest.xml:45:13-72
	android:theme
		ADDED from src/main/AndroidManifest.xml:47:13-52
	android:name
		ADDED from src/main/AndroidManifest.xml:44:13-56
	android:launchMode
		ADDED from src/main/AndroidManifest.xml:46:13-44
intent-filter#com.joysee.TV_SEARCH
ADDED from src/main/AndroidManifest.xml:48:13-50:29
action#com.joysee.TV_SEARCH
ADDED from src/main/AndroidManifest.xml:49:17-63
	android:name
		ADDED from src/main/AndroidManifest.xml:49:25-60
activity#com.joysee.adtv.activity.SearchMainActivity
ADDED from src/main/AndroidManifest.xml:52:9-58:20
	android:label
		ADDED from src/main/AndroidManifest.xml:55:13-55
	android:configChanges
		ADDED from src/main/AndroidManifest.xml:54:13-72
	android:theme
		ADDED from src/main/AndroidManifest.xml:57:13-52
	android:name
		ADDED from src/main/AndroidManifest.xml:53:13-56
	android:launchMode
		ADDED from src/main/AndroidManifest.xml:56:13-44
activity#com.joysee.adtv.activity.SearchManualActivity
ADDED from src/main/AndroidManifest.xml:59:9-65:20
	android:label
		ADDED from src/main/AndroidManifest.xml:62:13-55
	android:configChanges
		ADDED from src/main/AndroidManifest.xml:61:13-72
	android:theme
		ADDED from src/main/AndroidManifest.xml:64:13-52
	android:name
		ADDED from src/main/AndroidManifest.xml:60:13-58
	android:launchMode
		ADDED from src/main/AndroidManifest.xml:63:13-44
activity#com.joysee.adtv.webview.LookBackActivity
ADDED from src/main/AndroidManifest.xml:66:9-77:20
	android:windowSoftInputMode
		ADDED from src/main/AndroidManifest.xml:71:13-54
	android:configChanges
		ADDED from src/main/AndroidManifest.xml:68:13-72
	android:theme
		ADDED from src/main/AndroidManifest.xml:69:13-53
	android:hardwareAccelerated
		ADDED from src/main/AndroidManifest.xml:72:13-48
	android:name
		ADDED from src/main/AndroidManifest.xml:67:13-53
	android:launchMode
		ADDED from src/main/AndroidManifest.xml:70:13-44
intent-filter#com.joysee.adtv.lookback
ADDED from src/main/AndroidManifest.xml:74:13-76:29
action#com.joysee.adtv.lookback
ADDED from src/main/AndroidManifest.xml:75:17-66
	android:name
		ADDED from src/main/AndroidManifest.xml:75:25-64
activity#com.joysee.adtv.activity.SearchAdvancedOptionActivity
ADDED from src/main/AndroidManifest.xml:78:9-82:20
	android:configChanges
		ADDED from src/main/AndroidManifest.xml:80:13-72
	android:theme
		ADDED from src/main/AndroidManifest.xml:81:13-52
	android:name
		ADDED from src/main/AndroidManifest.xml:79:13-66
service#com.joysee.adtv.service.SearchService
ADDED from src/main/AndroidManifest.xml:83:9-87:19
	android:name
		ADDED from src/main/AndroidManifest.xml:83:18-55
intent-filter#com.joysee.adtv.aidl.search
ADDED from src/main/AndroidManifest.xml:84:13-86:29
action#com.joysee.adtv.aidl.search
ADDED from src/main/AndroidManifest.xml:85:17-69
	android:name
		ADDED from src/main/AndroidManifest.xml:85:25-67
service#com.joysee.adtv.service.CaSettingService
ADDED from src/main/AndroidManifest.xml:88:9-92:19
	android:name
		ADDED from src/main/AndroidManifest.xml:88:18-58
intent-filter#com.joysee.adtv.service.CaSettingService
ADDED from src/main/AndroidManifest.xml:89:13-91:29
action#com.joysee.adtv.service.CaSettingService
ADDED from src/main/AndroidManifest.xml:90:17-82
	android:name
		ADDED from src/main/AndroidManifest.xml:90:25-80
activity#com.joysee.adtv.activity.CaSettingActivity
ADDED from src/main/AndroidManifest.xml:93:9-98:20
	android:windowSoftInputMode
		ADDED from src/main/AndroidManifest.xml:97:13-54
	android:configChanges
		ADDED from src/main/AndroidManifest.xml:95:13-72
	android:theme
		ADDED from src/main/AndroidManifest.xml:96:13-52
	android:name
		ADDED from src/main/AndroidManifest.xml:94:13-55
activity#com.joysee.adtv.activity.EmailActivity
ADDED from src/main/AndroidManifest.xml:99:11-104:20
	android:windowSoftInputMode
		ADDED from src/main/AndroidManifest.xml:103:13-54
	android:configChanges
		ADDED from src/main/AndroidManifest.xml:101:13-72
	android:theme
		ADDED from src/main/AndroidManifest.xml:102:13-52
	android:name
		ADDED from src/main/AndroidManifest.xml:100:13-51
activity#com.joysee.adtv.activity.TimeShiftActivity
ADDED from src/main/AndroidManifest.xml:105:11-110:20
	android:windowSoftInputMode
		ADDED from src/main/AndroidManifest.xml:109:13-54
	android:configChanges
		ADDED from src/main/AndroidManifest.xml:107:13-72
	android:theme
		ADDED from src/main/AndroidManifest.xml:108:13-52
	android:name
		ADDED from src/main/AndroidManifest.xml:106:13-55
activity#com.joysee.adtv.activity.SearchAllMenuActivity
ADDED from src/main/AndroidManifest.xml:111:9-116:20
	android:windowSoftInputMode
		ADDED from src/main/AndroidManifest.xml:115:13-54
	android:configChanges
		ADDED from src/main/AndroidManifest.xml:113:13-72
	android:theme
		ADDED from src/main/AndroidManifest.xml:114:13-52
	android:name
		ADDED from src/main/AndroidManifest.xml:112:13-59
provider#com.joysee.adtv.db.ChannelProvider
ADDED from src/main/AndroidManifest.xml:125:9-129:40
	android:multiprocess
		ADDED from src/main/AndroidManifest.xml:128:13-40
	android:process
		ADDED from src/main/AndroidManifest.xml:129:13-37
	android:authorities
		ADDED from src/main/AndroidManifest.xml:127:13-69
	android:name
		ADDED from src/main/AndroidManifest.xml:126:13-47
service#com.joysee.adtv.service.EmailService
ADDED from src/main/AndroidManifest.xml:130:9-134:19
	android:name
		ADDED from src/main/AndroidManifest.xml:130:18-54
intent-filter#com.joysee.adtv.service.EmailService
ADDED from src/main/AndroidManifest.xml:131:13-133:29
action#com.joysee.adtv.service.EmailService
ADDED from src/main/AndroidManifest.xml:132:17-78
	android:name
		ADDED from src/main/AndroidManifest.xml:132:25-76